<?xml version="1.0" encoding="UTF-8"?>
<testng-results skipped="0" failed="0" ignored="0" total="4" passed="4">
  <reporter-output>
  </reporter-output>
  <suite name="Command line suite" duration-ms="120701" started-at="2018-03-25T14:14:07Z" finished-at="2018-03-25T14:16:08Z">
    <groups>
    </groups>
    <test name="Command line test" duration-ms="120701" started-at="2018-03-25T14:14:07Z" finished-at="2018-03-25T14:16:08Z">
      <class name="tests.EbayLinks2Test">
        <test-method status="PASS" signature="CountLinksInFooterEbayHomepage()[pri:0, instance:tests.EbayLinks2Test@54a097cc]" name="CountLinksInFooterEbayHomepage" duration-ms="36783" started-at="2018-03-25T14:14:07Z" finished-at="2018-03-25T14:14:44Z">
          <reporter-output>
          </reporter-output>
        </test-method> <!-- CountLinksInFooterEbayHomepage -->
        <test-method status="PASS" signature="CountLinksInSecondColumnOfFooter()[pri:0, instance:tests.EbayLinks2Test@54a097cc]" name="CountLinksInSecondColumnOfFooter" duration-ms="33038" started-at="2018-03-25T14:14:44Z" finished-at="2018-03-25T14:15:17Z">
          <reporter-output>
          </reporter-output>
        </test-method> <!-- CountLinksInSecondColumnOfFooter -->
        <test-method status="PASS" signature="CountLinksOnEbayHomepage()[pri:0, instance:tests.EbayLinks2Test@54a097cc]" name="CountLinksOnEbayHomepage" duration-ms="25084" started-at="2018-03-25T14:15:17Z" finished-at="2018-03-25T14:15:42Z">
          <reporter-output>
          </reporter-output>
        </test-method> <!-- CountLinksOnEbayHomepage -->
      </class> <!-- tests.EbayLinks2Test -->
      <class name="tests.EbayLinks3Test">
        <test-method status="PASS" signature="CountLinksOnEbayHomepage()[pri:0, instance:tests.EbayLinks3Test@3551a94]" name="CountLinksOnEbayHomepage" duration-ms="25760" started-at="2018-03-25T14:15:42Z" finished-at="2018-03-25T14:16:08Z">
          <reporter-output>
          </reporter-output>
        </test-method> <!-- CountLinksOnEbayHomepage -->
      </class> <!-- tests.EbayLinks3Test -->
    </test> <!-- Command line test -->
  </suite> <!-- Command line suite -->
</testng-results>
