<?xml version="1.0" encoding="UTF-8"?>
<testng-results skipped="0" failed="0" ignored="0" total="1" passed="1">
  <reporter-output>
  </reporter-output>
  <suite name="Default suite" duration-ms="17511" started-at="2018-03-23T21:25:19Z" finished-at="2018-03-23T21:25:37Z">
    <groups>
    </groups>
    <test name="Default test" duration-ms="17511" started-at="2018-03-23T21:25:19Z" finished-at="2018-03-23T21:25:37Z">
      <class name="tests.EbayLinks">
        <test-method status="PASS" signature="CountLinksOnEbayHomepage()[pri:0, instance:tests.EbayLinks@73ad2d6]" name="CountLinksOnEbayHomepage" duration-ms="17453" started-at="2018-03-23T21:25:19Z" finished-at="2018-03-23T21:25:37Z">
          <reporter-output>
          </reporter-output>
        </test-method> <!-- CountLinksOnEbayHomepage -->
      </class> <!-- tests.EbayLinks -->
    </test> <!-- Default test -->
  </suite> <!-- Default suite -->
</testng-results>
