<?xml version="1.0" encoding="UTF-8"?>
<!-- Generated by org.testng.reporters.JUnitXMLReporter -->
<testsuite hostname="LAPTOP-PPEV7QFL" ignored="0" name="Test" tests="3" failures="0" timestamp="21 Mar 2018 17:08:06 GMT" time="0.124" errors="0">
  <testcase name="BrowserAutomation" time="0.027" classname="com.firstFramework.app.SeleniumTest"/>
  <testcase name="elementsUI" time="0.0" classname="com.firstFramework.app.SeleniumTest"/>
  <testcase name="postJira" time="0.004" classname="com.firstFramework.app.RestAPITest"/>
</testsuite> <!-- Test -->
