<?xml version="1.0" encoding="UTF-8"?>
<testsuite xmlns:xsi="http://www.w3.org/2001/XMLSchema-instance" xsi:noNamespaceSchemaLocation="https://maven.apache.org/surefire/maven-surefire-plugin/xsd/surefire-test-report.xsd" name="TestSuite" time="1.106" tests="3" errors="0" skipped="0" failures="0">
  <properties>
[...]
</properties>
  <testcase name="BrowserAutomation" classname="com.firstFramework.app.SeleniumTest" time="0.03"/>
  <testcase name="elementsUI" classname="com.firstFramework.app.SeleniumTest" time="0"/>
  <testcase name="postJira" classname="com.firstFramework.app.RestAPITest" time="0.001"/>
</testsuite>