<?xml version="1.0" encoding="UTF-8"?>
<testng-results skipped="0" failed="0" ignored="0" total="3" passed="3">
  <reporter-output>
  </reporter-output>
  <suite name="Suite" duration-ms="124" started-at="2018-03-21T17:08:06Z" finished-at="2018-03-21T17:08:06Z">
    <groups>
    </groups>
    <test name="Test" duration-ms="124" started-at="2018-03-21T17:08:06Z" finished-at="2018-03-21T17:08:06Z">
      <class name="com.firstFramework.app.SeleniumTest">
        <test-method status="PASS" signature="BrowserAutomation()[pri:0, instance:com.firstFramework.app.SeleniumTest@54a097cc]" name="BrowserAutomation" duration-ms="27" started-at="2018-03-21T17:08:06Z" finished-at="2018-03-21T17:08:06Z">
          <reporter-output>
          </reporter-output>
        </test-method> <!-- BrowserAutomation -->
        <test-method status="PASS" signature="elementsUI()[pri:0, instance:com.firstFramework.app.SeleniumTest@54a097cc]" name="elementsUI" duration-ms="0" started-at="2018-03-21T17:08:06Z" finished-at="2018-03-21T17:08:06Z">
          <reporter-output>
          </reporter-output>
        </test-method> <!-- elementsUI -->
      </class> <!-- com.firstFramework.app.SeleniumTest -->
      <class name="com.firstFramework.app.RestAPITest">
        <test-method status="PASS" signature="postJira()[pri:0, instance:com.firstFramework.app.RestAPITest@3551a94]" name="postJira" duration-ms="4" started-at="2018-03-21T17:08:06Z" finished-at="2018-03-21T17:08:06Z">
          <reporter-output>
          </reporter-output>
        </test-method> <!-- postJira -->
      </class> <!-- com.firstFramework.app.RestAPITest -->
    </test> <!-- Test -->
  </suite> <!-- Suite -->
</testng-results>
