<?xml version="1.0" encoding="UTF-8"?>
<testng-results skipped="0" failed="0" ignored="0" total="3" passed="3">
  <reporter-output>
  </reporter-output>
  <suite name="Suite" duration-ms="64" started-at="2018-03-22T15:30:33Z" finished-at="2018-03-22T15:30:33Z">
    <groups>
    </groups>
    <test name="Test" duration-ms="64" started-at="2018-03-22T15:30:33Z" finished-at="2018-03-22T15:30:33Z">
      <class name="com.firstFramework.app.SeleniumTest">
        <test-method status="PASS" signature="BrowserAutomation()[pri:0, instance:com.firstFramework.app.SeleniumTest@5700d6b1]" name="BrowserAutomation" duration-ms="16" started-at="2018-03-22T15:30:33Z" finished-at="2018-03-22T15:30:33Z">
          <reporter-output>
          </reporter-output>
        </test-method> <!-- BrowserAutomation -->
        <test-method status="PASS" signature="elementsUI()[pri:0, instance:com.firstFramework.app.SeleniumTest@5700d6b1]" name="elementsUI" duration-ms="2" started-at="2018-03-22T15:30:33Z" finished-at="2018-03-22T15:30:33Z">
          <reporter-output>
          </reporter-output>
        </test-method> <!-- elementsUI -->
      </class> <!-- com.firstFramework.app.SeleniumTest -->
      <class name="com.firstFramework.app.RestAPITest">
        <test-method status="PASS" signature="postJira()[pri:0, instance:com.firstFramework.app.RestAPITest@e45f292]" name="postJira" duration-ms="1" started-at="2018-03-22T15:30:33Z" finished-at="2018-03-22T15:30:33Z">
          <reporter-output>
          </reporter-output>
        </test-method> <!-- postJira -->
      </class> <!-- com.firstFramework.app.RestAPITest -->
    </test> <!-- Test -->
  </suite> <!-- Suite -->
</testng-results>
