<?xml version="1.0" encoding="UTF-8"?>
<!-- Generated by org.testng.reporters.JUnitXMLReporter -->
<testsuite hostname="LAPTOP-PPEV7QFL" ignored="0" name="Command line test" tests="4" failures="0" timestamp="25 Mar 2018 14:16:09 GMT" time="120.701" errors="0">
  <testcase name="CountLinksInFooterEbayHomepage" time="36.783" classname="tests.EbayLinks2Test"/>
  <testcase name="CountLinksInSecondColumnOfFooter" time="33.038" classname="tests.EbayLinks2Test"/>
  <testcase name="CountLinksOnEbayHomepage" time="25.084" classname="tests.EbayLinks2Test"/>
  <testcase name="CountLinksOnEbayHomepage" time="25.76" classname="tests.EbayLinks3Test"/>
</testsuite> <!-- Command line test -->
