<?xml version="1.0" encoding="UTF-8"?>
<!-- Generated by org.testng.reporters.JUnitXMLReporter -->
<testsuite hostname="LAPTOP-PPEV7QFL" ignored="0" name="Test" tests="2" failures="1" timestamp="25 Mar 2018 00:04:21 GMT" time="58.477" errors="0">
  <testcase name="OpenOutlookPage" time="37.073" classname="tests.LoginToOutlookChrome"/>
  <testcase name="CountLinksOnEbayHomepage" time="21.194" classname="tests.EbayLinks3">
    <failure type="junit.framework.AssertionFailedError" message="expected:&amp;lt;380&amp;gt; but was:&amp;lt;401&amp;gt;">
      <![CDATA[junit.framework.AssertionFailedError: expected:<380> but was:<401>
at junit.framework.Assert.fail(Assert.java:47)
at junit.framework.Assert.failNotEquals(Assert.java:282)
at junit.framework.Assert.assertEquals(Assert.java:64)
at junit.framework.Assert.assertEquals(Assert.java:201)
at junit.framework.Assert.assertEquals(Assert.java:207)
at tests.EbayLinks3.CountLinksOnEbayHomepage(EbayLinks3.java:26)
... Removed 25 stack frames]]>
    </failure>
  </testcase> <!-- CountLinksOnEbayHomepage -->
</testsuite> <!-- Test -->
