<?xml version="1.0" encoding="UTF-8"?>
<!-- Generated by org.testng.reporters.JUnitXMLReporter -->
<testsuite hostname="LAPTOP-PPEV7QFL" ignored="0" name="Test" tests="3" failures="0" timestamp="22 Mar 2018 15:30:33 GMT" time="0.064" errors="0">
  <testcase name="BrowserAutomation" time="0.016" classname="com.firstFramework.app.SeleniumTest"/>
  <testcase name="elementsUI" time="0.002" classname="com.firstFramework.app.SeleniumTest"/>
  <testcase name="postJira" time="0.001" classname="com.firstFramework.app.RestAPITest"/>
</testsuite> <!-- Test -->
